Unity Editor version:    2020.3.18f1 (a7d1c678663c)
Branch:                  2020.3/staging
Build type:              Release
Batch mode:              YES
macOS version:           Version 11.6 (Build 20G165)
Darwin version:          20.6.0
Architecture:            x86_64
Running under Rosetta:   NO
Available memory:        16384 MB
Using pre-set license
Pro License: NO

COMMAND LINE ARGUMENTS:
/Applications/Unity/Hub/Editor/2020.3.18f1/Unity.app/Contents/MacOS/Unity
-adb2
-batchMode
-noUpm
-name
AssetImportWorker0
-projectPath
/Users/rachelombok/Downloads/Mobile-Game-Final
-logFile
Logs/AssetImportWorker0.log
-srvPort
65508
Successfully changed project path to: /Users/rachelombok/Downloads/Mobile-Game-Final
/Users/rachelombok/Downloads/Mobile-Game-Final
Using Asset Import Pipeline V2.
Refreshing native plugins compatible for Editor in 64.99 ms, found 3 plugins.
Preloading 0 native plugins for Editor in 0.00 ms.
Initialize engine version: 2020.3.18f1 (a7d1c678663c)
[Subsystems] Discovering subsystems at path /Applications/Unity/Hub/Editor/2020.3.18f1/Unity.app/Contents/Resources/UnitySubsystems
[Subsystems] Discovering subsystems at path /Users/rachelombok/Downloads/Mobile-Game-Final/Assets
GfxDevice: creating device client; threaded=0
2021-12-08 15:53:19.672 Unity[58019:6815483] Color LCD preferred device: AMD Radeon Pro 5300M (high power)
2021-12-08 15:53:19.672 Unity[58019:6815483] Metal devices available: 2
2021-12-08 15:53:19.672 Unity[58019:6815483] 0: AMD Radeon Pro 5300M (high power)
2021-12-08 15:53:19.672 Unity[58019:6815483] 1: Intel(R) UHD Graphics 630 (low power)
2021-12-08 15:53:19.673 Unity[58019:6815483] Using device AMD Radeon Pro 5300M (high power)
Initializing Metal device caps: AMD Radeon Pro 5300M
Initialize mono
Mono path[0] = '/Applications/Unity/Hub/Editor/2020.3.18f1/Unity.app/Contents/Managed'
Mono path[1] = '/Applications/Unity/Hub/Editor/2020.3.18f1/Unity.app/Contents/MonoBleedingEdge/lib/mono/unityjit'
Mono config path = '/Applications/Unity/Hub/Editor/2020.3.18f1/Unity.app/Contents/MonoBleedingEdge/etc'
Using monoOptions --debugger-agent=transport=dt_socket,embedding=1,server=y,suspend=n,address=127.0.0.1:56019
Begin MonoManager ReloadAssembly
Error scanning for extension ivy.xml files: System.UnauthorizedAccessException: Access to the path '/Applications/Unity/Hub/Editor/2020.3.18f1/PlaybackEngines/WebGLSupport/BuildTools/Emscripten_Mac/node' is denied.
  at System.IO.__Error.WinIOError (System.Int32 errorCode, System.String maybeFullPath) [0x00129] in <695d1cc93cca45069c528c15c9fdd749>:0 
  at System.IO.FileSystemEnumerableIterator`1[TSource].HandleError (System.Int32 hr, System.String path) [0x00006] in <695d1cc93cca45069c528c15c9fdd749>:0 
  at System.IO.FileSystemEnumerableIterator`1[TSource].AddSearchableDirsToStack (System.IO.Directory+SearchData localSearchData) [0x00053] in <695d1cc93cca45069c528c15c9fdd749>:0 
  at System.IO.FileSystemEnumerableIterator`1[TSource].MoveNext () [0x0008e] in <695d1cc93cca45069c528c15c9fdd749>:0 
  at System.Collections.Generic.List`1[T]..ctor (System.Collections.Generic.IEnumerable`1[T] collection) [0x00077] in <695d1cc93cca45069c528c15c9fdd749>:0 
  at System.IO.Directory.InternalGetFileDirectoryNames (System.String path, System.String userPathOriginal, System.String searchPattern, System.Boolean includeFiles, System.Boolean includeDirs, System.IO.SearchOption searchOption, System.Boolean checkHost) [0x0000f] in <695d1cc93cca45069c528c15c9fdd749>:0 
  at System.IO.Directory.InternalGetFiles (System.String path, System.String searchPattern, System.IO.SearchOption searchOption) [0x00000] in <695d1cc93cca45069c528c15c9fdd749>:0 
  at System.IO.Directory.GetFiles (System.String path, System.String searchPattern, System.IO.SearchOption searchOption) [0x00038] in <695d1cc93cca45069c528c15c9fdd749>:0 
  at UnityEditor.Modules.ModuleManager.LoadLegacyExtensionsFromIvyFiles () [0x000a5] in /Users/bokken/buildslave/unity/build/Editor/Mono/Modules/ModuleManager.cs:253 
Registering precompiled unity dll's ...
Register platform support module: /Applications/Unity/Hub/Editor/2020.3.18f1/PlaybackEngines/WebGLSupport/UnityEditor.WebGL.Extensions.dll
Register platform support module: /Applications/Unity/Hub/Editor/2020.3.18f1/Unity.app/Contents/PlaybackEngines/MacStandaloneSupport/UnityEditor.OSXStandalone.Extensions.dll
Register platform support module: /Applications/Unity/Hub/Editor/2020.3.18f1/PlaybackEngines/WindowsStandaloneSupport/UnityEditor.WindowsStandalone.Extensions.dll
Registered in 0.000835 seconds.
Native extension for WindowsStandalone target not found
Native extension for OSXStandalone target not found
Native extension for WebGL target not found
Refreshing native plugins compatible for Editor in 59.36 ms, found 3 plugins.
Preloading 0 native plugins for Editor in 0.00 ms.
Mono: successfully reloaded assembly
- Completed reload, in  3.658 seconds
Domain Reload Profiling:
	ReloadAssembly (3659ms)
		BeginReloadAssembly (46ms)
			ExecutionOrderSort (0ms)
			DisableScriptedObjects (0ms)
			BackupInstance (0ms)
			ReleaseScriptingObjects (0ms)
			CreateAndSetChildDomain (1ms)
		EndReloadAssembly (573ms)
			LoadAssemblies (45ms)
			RebuildTransferFunctionScriptingTraits (0ms)
			SetupTypeCache (212ms)
			ReleaseScriptCaches (0ms)
			RebuildScriptCaches (44ms)
			SetupLoadedEditorAssemblies (232ms)
				LogAssemblyErrors (0ms)
				InitializePlatformSupportModulesInManaged (6ms)
				SetLoadedEditorAssemblies (0ms)
				RefreshPlugins (59ms)
				BeforeProcessingInitializeOnLoad (9ms)
				ProcessInitializeOnLoadAttributes (121ms)
				ProcessInitializeOnLoadMethodAttributes (36ms)
				AfterProcessingInitializeOnLoad (0ms)
				EditorAssembliesLoaded (0ms)
			ExecutionOrderSort2 (0ms)
			AwakeInstancesAfterBackupRestoration (0ms)
Platform modules already initialized, skipping
Registering precompiled user dll's ...
Registered in 0.004384 seconds.
Begin MonoManager ReloadAssembly
Native extension for WindowsStandalone target not found
Native extension for OSXStandalone target not found
Native extension for WebGL target not found
Refreshing native plugins compatible for Editor in 58.10 ms, found 3 plugins.
Preloading 0 native plugins for Editor in 0.00 ms.
Mono: successfully reloaded assembly
- Completed reload, in  1.433 seconds
Domain Reload Profiling:
	ReloadAssembly (1435ms)
		BeginReloadAssembly (163ms)
			ExecutionOrderSort (0ms)
			DisableScriptedObjects (6ms)
			BackupInstance (0ms)
			ReleaseScriptingObjects (0ms)
			CreateAndSetChildDomain (32ms)
		EndReloadAssembly (1203ms)
			LoadAssemblies (83ms)
			RebuildTransferFunctionScriptingTraits (0ms)
			SetupTypeCache (393ms)
			ReleaseScriptCaches (1ms)
			RebuildScriptCaches (70ms)
			SetupLoadedEditorAssemblies (503ms)
				LogAssemblyErrors (0ms)
				InitializePlatformSupportModulesInManaged (5ms)
				SetLoadedEditorAssemblies (0ms)
				RefreshPlugins (58ms)
				BeforeProcessingInitializeOnLoad (80ms)
				ProcessInitializeOnLoadAttributes (296ms)
				ProcessInitializeOnLoadMethodAttributes (61ms)
				AfterProcessingInitializeOnLoad (2ms)
				EditorAssembliesLoaded (0ms)
			ExecutionOrderSort2 (0ms)
			AwakeInstancesAfterBackupRestoration (10ms)
Platform modules already initialized, skipping
Validating Project structure ... 0.001358 seconds.
Shader import version has changed; will reimport all shaders...
Upgrading shader files ...0.001572 seconds.
Application.AssetDatabase Initial Script Refresh Start
RefreshInfo: InitialScriptRefreshV2(NoUpdateAssetOptions) scanfilter:  ... 1 filters
RefreshProfiler: Total: 0.000ms
Application.AssetDatabase Initial Script Refresh End
Application.AssetDatabase.Refresh Start
Application.AssetDatabase.Refresh End
RefreshInfo: StopAssetImportingV2(ForceSynchronousImport) scanfilter: 
RefreshProfiler: Total: 0.000ms
Launching external process: /Applications/Unity/Hub/Editor/2020.3.18f1/Unity.app/Contents/Tools/UnityShaderCompiler
Launched and connected shader compiler UnityShaderCompiler after 0.01 seconds
Initializing Unity extensions:
========================================================================
Worker process is ready to serve import requests
Refreshing native plugins compatible for Editor in 0.65 ms, found 3 plugins.
Preloading 0 native plugins for Editor in 0.00 ms.
Unloading 2692 Unused Serialized files (Serialized files now loaded: 0)
System memory in use before: 216.4 MB.
System memory in use after: 215.7 MB.

Unloading 167 unused Assets to reduce memory usage. Loaded Objects now: 3134.
Total: 6.969526 ms (FindLiveObjects: 0.252880 ms CreateObjectMapping: 0.122587 ms MarkObjects: 6.078077 ms  DeleteObjects: 0.515131 ms)

AssetImportParameters requested are different than current active one (requested -> active):
  custom:video-decoder-ogg-theora: a1e56fd34408186e4bbccfd4996cb3dc -> 
  custom:container-muxer-webm: aa71ff27fc2769a1b78a27578f13a17b -> 
  custom:container-demuxer-webm: 4f35f7cbe854078d1ac9338744f61a02 -> 
  custom:container-demuxer-ogg: 62fdf1f143b41e24485cea50d1cbac27 -> 
  custom:video-encoder-webm-vp8: eb34c28f22e8b96e1ab97ce403110664 -> 
  custom:framework-osx-AVFoundation: e770b220cccbd017edd2c1fefb359320 -> 
  custom:video-decoder-webm-vp8: 9c59270c3fd7afecdb556c50c9e8de78 -> 
  custom:audio-decoder-ogg-vorbis: bf7c407c2cedff20999df2af8eb42d56 -> 
  custom:audio-encoder-webm-vorbis: bf7c407c2cedff20999df2af8eb42d56 -> 
========================================================================
Received Import Request.
  path: Assets/Code/FloatyBox.cs
  artifactKey: Guid(09b3fe44fde56e14f8b367c9b5ed1b00) Importer(815301076,1909f56bfc062723c751e8b465ee728b)
Start importing Assets/Code/FloatyBox.cs using Guid(09b3fe44fde56e14f8b367c9b5ed1b00) Importer(815301076,1909f56bfc062723c751e8b465ee728b)  -> (artifact id: 'b14971855a4284992ea6fc63f50dce2c') in 0.434493 seconds 
  Import took 0.439308 seconds .

========================================================================
Received Prepare
Refreshing native plugins compatible for Editor in 29.29 ms, found 3 plugins.
Preloading 0 native plugins for Editor in 0.00 ms.
Unloading 51 Unused Serialized files (Serialized files now loaded: 0)
System memory in use before: 166.5 MB.
System memory in use after: 166.7 MB.

Unloading 51 unused Assets to reduce memory usage. Loaded Objects now: 3134.
Total: 38.196661 ms (FindLiveObjects: 0.551960 ms CreateObjectMapping: 0.111851 ms MarkObjects: 37.482038 ms  DeleteObjects: 0.049905 ms)

AssetImportParameters requested are different than current active one (requested -> active):
  custom:video-decoder-ogg-theora: a1e56fd34408186e4bbccfd4996cb3dc -> 
  custom:container-muxer-webm: aa71ff27fc2769a1b78a27578f13a17b -> 
  custom:container-demuxer-webm: 4f35f7cbe854078d1ac9338744f61a02 -> 
  custom:container-demuxer-ogg: 62fdf1f143b41e24485cea50d1cbac27 -> 
  custom:video-encoder-webm-vp8: eb34c28f22e8b96e1ab97ce403110664 -> 
  custom:framework-osx-AVFoundation: e770b220cccbd017edd2c1fefb359320 -> 
  custom:video-decoder-webm-vp8: 9c59270c3fd7afecdb556c50c9e8de78 -> 
  custom:audio-decoder-ogg-vorbis: bf7c407c2cedff20999df2af8eb42d56 -> 
  custom:audio-encoder-webm-vorbis: bf7c407c2cedff20999df2af8eb42d56 -> 
========================================================================
Received Import Request.
  Time since last request: 305.088960 seconds.
  path: Assets/Retro Game SFX/Game FX
  artifactKey: Guid(e211e1c08097af84a80686b8553b15d0) Importer(815301076,1909f56bfc062723c751e8b465ee728b)
Start importing Assets/Retro Game SFX/Game FX using Guid(e211e1c08097af84a80686b8553b15d0) Importer(815301076,1909f56bfc062723c751e8b465ee728b)  -> (artifact id: '07812104f208f4089d4138062e947739') in 0.005826 seconds 
  Import took 0.016162 seconds .

========================================================================
Received Import Request.
  Time since last request: 0.000772 seconds.
  path: Assets/Retro Game SFX/Game FX
  artifactKey: Guid(e211e1c08097af84a80686b8553b15d0) Importer(815301076,1909f56bfc062723c751e8b465ee728b)
Start importing Assets/Retro Game SFX/Game FX using Guid(e211e1c08097af84a80686b8553b15d0) Importer(815301076,1909f56bfc062723c751e8b465ee728b)  -> (artifact id: '07812104f208f4089d4138062e947739') in 0.001153 seconds 
  Import took 0.006582 seconds .

========================================================================
Received Import Request.
  Time since last request: 0.034542 seconds.
  path: Assets/Retro Game SFX/Game FX/Achievment18Bit.wav
  artifactKey: Guid(f05206903c6c9f9468fd064aa38a7e8b) Importer(815301076,1909f56bfc062723c751e8b465ee728b)
Start importing Assets/Retro Game SFX/Game FX/Achievment18Bit.wav using Guid(f05206903c6c9f9468fd064aa38a7e8b) Importer(815301076,1909f56bfc062723c751e8b465ee728b)  -> (artifact id: '9bc054dc36c1beee784085b25b64a56d') in 1.706783 seconds 
  Import took 1.712130 seconds .

========================================================================
Received Import Request.
  Time since last request: 0.003959 seconds.
  path: Assets/Retro Game SFX/Game FX/hit_1.wav
  artifactKey: Guid(46b70a75d62459a4fab909c0af0fdef1) Importer(815301076,1909f56bfc062723c751e8b465ee728b)
Start importing Assets/Retro Game SFX/Game FX/hit_1.wav using Guid(46b70a75d62459a4fab909c0af0fdef1) Importer(815301076,1909f56bfc062723c751e8b465ee728b)  -> (artifact id: '0549404723cc84b3d77cd9bb89542dfd') in 0.011249 seconds 
  Import took 0.016415 seconds .

========================================================================
Received Import Request.
  Time since last request: 0.000214 seconds.
  path: Assets/Retro Game SFX/Game FX/Explosion.wav
  artifactKey: Guid(7bb77addc1c799648b8c7bfd09aa71af) Importer(815301076,1909f56bfc062723c751e8b465ee728b)
Start importing Assets/Retro Game SFX/Game FX/Explosion.wav using Guid(7bb77addc1c799648b8c7bfd09aa71af) Importer(815301076,1909f56bfc062723c751e8b465ee728b)  -> (artifact id: '1a3d0392acd02c881523c457220d01f3') in 0.009308 seconds 
  Import took 0.013669 seconds .

========================================================================
Received Import Request.
  Time since last request: 0.000444 seconds.
  path: Assets/Retro Game SFX/Game FX/Jump.wav
  artifactKey: Guid(08b3f17a51f7e184795f401851342c7d) Importer(815301076,1909f56bfc062723c751e8b465ee728b)
Start importing Assets/Retro Game SFX/Game FX/Jump.wav using Guid(08b3f17a51f7e184795f401851342c7d) Importer(815301076,1909f56bfc062723c751e8b465ee728b)  -> (artifact id: 'e1f859bb84f8dda8c3a01d112db18fb7') in 0.016201 seconds 
  Import took 0.021409 seconds .

========================================================================
Received Import Request.
  Time since last request: 0.000848 seconds.
  path: Assets/Retro Game SFX/Game FX/levelComplete8Bit.wav
  artifactKey: Guid(a50b656c6f2fa3e42994cd0909d91faf) Importer(815301076,1909f56bfc062723c751e8b465ee728b)
Start importing Assets/Retro Game SFX/Game FX/levelComplete8Bit.wav using Guid(a50b656c6f2fa3e42994cd0909d91faf) Importer(815301076,1909f56bfc062723c751e8b465ee728b)  -> (artifact id: 'd84a8a1e53e144a35036626b4dcfaac2') in 0.014679 seconds 
  Import took 0.020343 seconds .

========================================================================
Received Import Request.
  Time since last request: 0.000220 seconds.
  path: Assets/Retro Game SFX/Game FX/DeathFail8Bit.wav
  artifactKey: Guid(47a9ebc0dd5350240bbbdd06beaad05d) Importer(815301076,1909f56bfc062723c751e8b465ee728b)
Start importing Assets/Retro Game SFX/Game FX/DeathFail8Bit.wav using Guid(47a9ebc0dd5350240bbbdd06beaad05d) Importer(815301076,1909f56bfc062723c751e8b465ee728b)  -> (artifact id: 'd0004ced007c64dcf6c6bf6998d09377') in 0.029379 seconds 
  Import took 0.035270 seconds .

========================================================================
Received Import Request.
  Time since last request: 0.000267 seconds.
  path: Assets/Retro Game SFX/Game FX/Jump2.wav
  artifactKey: Guid(3ceea5b8be58fbb4da08011b332ca464) Importer(815301076,1909f56bfc062723c751e8b465ee728b)
Start importing Assets/Retro Game SFX/Game FX/Jump2.wav using Guid(3ceea5b8be58fbb4da08011b332ca464) Importer(815301076,1909f56bfc062723c751e8b465ee728b)  -> (artifact id: '25f60f3692a189efbe8f8a755191d1af') in 0.016654 seconds 
  Import took 0.022924 seconds .

========================================================================
Received Import Request.
  Time since last request: 0.000210 seconds.
  path: Assets/Retro Game SFX/Game FX/BlockedPath.wav
  artifactKey: Guid(fd38fe302db84034fad5daa4a037d679) Importer(815301076,1909f56bfc062723c751e8b465ee728b)
Start importing Assets/Retro Game SFX/Game FX/BlockedPath.wav using Guid(fd38fe302db84034fad5daa4a037d679) Importer(815301076,1909f56bfc062723c751e8b465ee728b)  -> (artifact id: '3f4c6f6c7d55ec935cee80dde7f8d595') in 0.008498 seconds 
  Import took 0.013532 seconds .

========================================================================
Received Import Request.
  Time since last request: 0.000201 seconds.
  path: Assets/Retro Game SFX/Game FX/moveJump8Bit.wav
  artifactKey: Guid(a5441d076939d554b92fa60ab46769fd) Importer(815301076,1909f56bfc062723c751e8b465ee728b)
Start importing Assets/Retro Game SFX/Game FX/moveJump8Bit.wav using Guid(a5441d076939d554b92fa60ab46769fd) Importer(815301076,1909f56bfc062723c751e8b465ee728b)  -> (artifact id: 'e7064ece915762e41d59b13de50359cf') in 0.010983 seconds 
  Import took 0.016131 seconds .

========================================================================
Received Import Request.
  Time since last request: 0.000232 seconds.
  path: Assets/Retro Game SFX/Game FX/Jump3.wav
  artifactKey: Guid(9b8ceef51d316ae4bb14781bea2bc738) Importer(815301076,1909f56bfc062723c751e8b465ee728b)
Start importing Assets/Retro Game SFX/Game FX/Jump3.wav using Guid(9b8ceef51d316ae4bb14781bea2bc738) Importer(815301076,1909f56bfc062723c751e8b465ee728b)  -> (artifact id: 'aef4701f1ee385be4b087c848b970b10') in 0.015173 seconds 
  Import took 0.020690 seconds .

========================================================================
Received Import Request.
  Time since last request: 0.000225 seconds.
  path: Assets/Retro Game SFX/Game FX/EnemeyMove.wav
  artifactKey: Guid(99ea16ebc1e6cd0478630a5365f8c01f) Importer(815301076,1909f56bfc062723c751e8b465ee728b)
Start importing Assets/Retro Game SFX/Game FX/EnemeyMove.wav using Guid(99ea16ebc1e6cd0478630a5365f8c01f) Importer(815301076,1909f56bfc062723c751e8b465ee728b)  -> (artifact id: '08cdd3f382ad65f7a0acf76eca8be9b6') in 0.008502 seconds 
  Import took 0.013536 seconds .

========================================================================
Received Import Request.
  Time since last request: 0.000268 seconds.
  path: Assets/Retro Game SFX/Game FX/PickUp_1.wav
  artifactKey: Guid(66852431e1babd74b828f9b901e038be) Importer(815301076,1909f56bfc062723c751e8b465ee728b)
Start importing Assets/Retro Game SFX/Game FX/PickUp_1.wav using Guid(66852431e1babd74b828f9b901e038be) Importer(815301076,1909f56bfc062723c751e8b465ee728b)  -> (artifact id: 'faaee20ca291277de6b72adaaf308259') in 0.007812 seconds 
  Import took 0.012592 seconds .

========================================================================
Received Import Request.
  Time since last request: 0.000208 seconds.
  path: Assets/Retro Game SFX/Game FX/Explosion2.wav
  artifactKey: Guid(d4844689c0701da4b988125cd77d7dbb) Importer(815301076,1909f56bfc062723c751e8b465ee728b)
Start importing Assets/Retro Game SFX/Game FX/Explosion2.wav using Guid(d4844689c0701da4b988125cd77d7dbb) Importer(815301076,1909f56bfc062723c751e8b465ee728b)  -> (artifact id: '00595f4943a41c5758129b54fa9d97b2') in 0.009681 seconds 
  Import took 0.014831 seconds .

========================================================================
Received Import Request.
  Time since last request: 0.000314 seconds.
  path: Assets/Retro Game SFX/Game FX/Fall.wav
  artifactKey: Guid(0c85d5a09b6133440a717a37740805d7) Importer(815301076,1909f56bfc062723c751e8b465ee728b)
Start importing Assets/Retro Game SFX/Game FX/Fall.wav using Guid(0c85d5a09b6133440a717a37740805d7) Importer(815301076,1909f56bfc062723c751e8b465ee728b)  -> (artifact id: '88b15176f93cb39595d2b8f99ee83383') in 0.009655 seconds 
  Import took 0.014512 seconds .

